<?xml version="1.0" encoding="UTF-8"?>
<!-- Generated by org.testng.reporters.JUnitReportReporter -->
<testsuite hostname="DESKTOP-H290O4K" failures="0" tests="1" name="testCases.TC_001_SFI_All_MobileResponse" time="126.009" errors="0" timestamp="2023-11-30T16:48:02 IST" skipped="0">
  <testcase classname="testCases.TC_001_SFI_All_MobileResponse" name="TestMobileIResponse" time="126.009"/>
</testsuite> <!-- testCases.TC_001_SFI_All_MobileResponse -->
