<?xml version="1.0" encoding="UTF-8"?>
<!-- Generated by org.testng.reporters.JUnitReportReporter -->
<testsuite hostname="DESKTOP-H290O4K" failures="0" tests="1" name="testBase.Base1" time="11.171" errors="0" timestamp="24 Oct 2023 12:21:16 GMT" skipped="0">
  <testcase classname="testBase.Base1" name="configureAppium" time="11.171"/>
</testsuite> <!-- testBase.Base1 -->
