<?xml version="1.0" encoding="UTF-8"?>
<!-- Generated by org.testng.reporters.JUnitReportReporter -->
<testsuite hostname="DESKTOP-H290O4K" failures="0" tests="1" name="testCases.TC_002_SFS_All_MobileResponse" time="127.738" errors="0" timestamp="2023-11-30T16:31:53 IST" skipped="0">
  <testcase classname="testCases.TC_002_SFS_All_MobileResponse" name="testMobileSectionContrls" time="127.738"/>
</testsuite> <!-- testCases.TC_002_SFS_All_MobileResponse -->
