<?xml version="1.0" encoding="UTF-8"?>
<!-- Generated by org.testng.reporters.JUnitReportReporter -->
<testsuite hostname="DESKTOP-H290O4K" failures="0" tests="2" name="testCases.TC002_SFI_MBPopups" time="136.041" errors="0" timestamp="2023-11-27T15:28:16 IST" skipped="0">
  <testcase classname="testCases.TC002_SFI_MBPopups" name="TestMobilePopupControls" time="107.930"/>
  <testcase classname="testCases.TC002_SFI_MBPopups" name="checkStartServer" time="28.111"/>
</testsuite> <!-- testCases.TC002_SFI_MBPopups -->
