<?xml version="1.0" encoding="UTF-8"?>
<!-- Generated by org.testng.reporters.JUnitReportReporter -->
<testsuite hostname="DESKTOP-H290O4K" failures="0" tests="1" name="testBase.BaseTest" time="61.214" errors="0" timestamp="30 Oct 2023 06:56:16 GMT" skipped="0">
  <testcase classname="testBase.BaseTest" name="configureAppium" time="61.214"/>
</testsuite> <!-- testBase.BaseTest -->
