<?xml version="1.0" encoding="UTF-8"?>
<!-- Generated by org.testng.reporters.JUnitReportReporter -->
<testsuite hostname="DESKTOP-VBPF5BK" failures="0" tests="1" name="testCases.TC_001_SFI_All_Mobile" time="385.869" errors="0" timestamp="2024-01-20T16:33:32 IST" skipped="0">
  <testcase classname="testCases.TC_001_SFI_All_Mobile" name="TestMobileIndividualControls" time="385.869"/>
</testsuite> <!-- testCases.TC_001_SFI_All_Mobile -->
