<?xml version="1.0" encoding="UTF-8"?>
<!-- Generated by org.testng.reporters.JUnitReportReporter -->
<testsuite hostname="DESKTOP-H290O4K" failures="0" tests="1" name="testCases.TC_001" time="6.357" errors="0" timestamp="30 Oct 2023 07:51:46 GMT" skipped="0">
  <testcase classname="testCases.TC_001" name="TestNew" time="6.357"/>
</testsuite> <!-- testCases.TC_001 -->
