<?xml version="1.0" encoding="UTF-8"?>
<!-- Generated by org.testng.reporters.JUnitReportReporter -->
<testsuite hostname="DESKTOP-H290O4K" failures="0" tests="1" name="testCases.AppiumBrowser" time="2.826" errors="0" timestamp="2023-11-04T13:22:08 IST" skipped="0">
  <testcase classname="testCases.AppiumBrowser" name="OpenBrowser" time="2.826"/>
</testsuite> <!-- testCases.AppiumBrowser -->
