<?xml version="1.0" encoding="UTF-8"?>
<!-- Generated by org.testng.reporters.JUnitReportReporter -->
<testsuite hostname="DESKTOP-H290O4K" failures="0" tests="1" name="testCases.HandleToastMessages" time="23.276" errors="0" timestamp="2023-11-03T11:06:58 IST" skipped="0">
  <testcase classname="testCases.HandleToastMessages" name="toastcheck" time="23.276"/>
</testsuite> <!-- testCases.HandleToastMessages -->
